{
  "RSpec": {
    "coverage": {
      "/Users/Corey/code/applications/curator/lib/stock_reader.rb": [
        1,
        1,
        null,
        1,
        1,
        5,
        null,
        null,
        1,
        5,
        5,
        null,
        null,
        1,
        51,
        null,
        null,
        1,
        7,
        7,
        26,
        null,
        7,
        null,
        null,
        1,
        7,
        4,
        4,
        null,
        3,
        3,
        null,
        7,
        null,
        null,
        1,
        5,
        5,
        20,
        20,
        20,
        null,
        5,
        5,
        null,
        null,
        1,
        4,
        4,
        2,
        null,
        2,
        null,
        4,
        null,
        20,
        4,
        null,
        null,
        null,
        1,
        1,
        1,
        1,
        1,
        1,
        null,
        null,
        null,
        1,
        3,
        3,
        null,
        null,
        1,
        2,
        44,
        null,
        null,
        null,
        1,
        1,
        11,
        1,
        20,
        null,
        null,
        null,
        null
      ],
      "/Users/Corey/code/applications/curator/config/environment.rb": [
        null,
        1,
        null,
        null,
        1
      ],
      "/Users/Corey/code/applications/curator/config/application.rb": [
        1,
        null,
        null,
        1,
        1,
        1,
        1,
        1,
        1,
        null,
        null,
        null,
        null,
        1,
        null,
        1,
        1,
        null,
        null,
        null,
        null,
        null,
        null,
        null,
        null,
        null,
        null,
        null,
        null,
        null
      ],
      "/Users/Corey/code/applications/curator/config/boot.rb": [
        null,
        1,
        null,
        1
      ],
      "/Users/Corey/code/applications/curator/config/environments/test.rb": [
        1,
        null,
        null,
        null,
        null,
        null,
        null,
        1,
        null,
        null,
        null,
        null,
        1,
        null,
        null,
        1,
        1,
        null,
        null,
        1,
        1,
        null,
        null,
        1,
        null,
        null,
        1,
        null,
        null,
        null,
        null,
        1,
        null,
        null,
        1,
        null,
        null,
        null,
        null
      ],
      "/Users/Corey/code/applications/curator/config/initializers/backtrace_silencers.rb": [
        null,
        null,
        null,
        null,
        null,
        null,
        null
      ],
      "/Users/Corey/code/applications/curator/config/initializers/cookies_serializer.rb": [
        null,
        null,
        1
      ],
      "/Users/Corey/code/applications/curator/config/initializers/filter_parameter_logging.rb": [
        null,
        null,
        null,
        1
      ],
      "/Users/Corey/code/applications/curator/config/initializers/inflections.rb": [
        null,
        null,
        null,
        null,
        null,
        1,
        1,
        1,
        1,
        1,
        1,
        1,
        null,
        null,
        null,
        null,
        null,
        null
      ],
      "/Users/Corey/code/applications/curator/config/initializers/mime_types.rb": [
        null,
        null,
        null,
        null
      ],
      "/Users/Corey/code/applications/curator/config/initializers/session_store.rb": [
        null,
        null,
        1
      ],
      "/Users/Corey/code/applications/curator/config/initializers/wrap_parameters.rb": [
        null,
        null,
        null,
        null,
        null,
        null,
        1,
        1,
        null,
        null,
        null,
        null,
        null,
        null
      ],
      "/Users/Corey/code/applications/curator/config/routes.rb": [
        1,
        1,
        null
      ],
      "/Users/Corey/code/applications/curator/app/helpers/application_helper.rb": [
        1,
        null
      ],
      "/Users/Corey/code/applications/curator/app/helpers/welcome_helper.rb": [
        1,
        null
      ],
      "/Users/Corey/code/applications/curator/app/mailers/company_report_mailer.rb": [
        1,
        1,
        null,
        1,
        null,
        null
      ],
      "/Users/Corey/code/applications/curator/app/models/accountant.rb": [
        1,
        1,
        null,
        1,
        7,
        null,
        null,
        1,
        7,
        4,
        4,
        null,
        3,
        3,
        null,
        7,
        null,
        null
      ],
      "/Users/Corey/code/applications/curator/app/models/clerk.rb": [
        1,
        null,
        1,
        1,
        null,
        1,
        1,
        1,
        null,
        null,
        1,
        1,
        11,
        1,
        20,
        null,
        null,
        null,
        null
      ],
      "/Users/Corey/code/applications/curator/app/models/company_report_by_earnings_yield.rb": [
        1,
        null
      ],
      "/Users/Corey/code/applications/curator/app/models/company_report_by_return_on_capital.rb": [
        1,
        null
      ],
      "/Users/Corey/code/applications/curator/app/models/data_factory.rb": [
        1,
        1,
        null,
        1,
        1,
        null,
        null,
        1,
        1,
        1,
        1,
        1,
        1,
        null,
        null,
        null
      ],
      "/Users/Corey/code/applications/curator/app/models/data_fetcher.rb": [
        1,
        1,
        null,
        1,
        7,
        7,
        null,
        null,
        1,
        7,
        7,
        26,
        null,
        7,
        null,
        null
      ],
      "/Users/Corey/code/applications/curator/app/models/data_validator.rb": [
        1,
        1,
        null,
        1,
        null,
        1,
        12,
        12,
        null,
        null,
        1,
        6,
        6,
        null,
        null,
        1,
        51,
        null,
        null,
        1,
        null,
        1,
        6,
        null,
        null
      ],
      "/Users/Corey/code/applications/curator/app/models/data_worker.rb": [
        1,
        1,
        null,
        1,
        4,
        4,
        null,
        null,
        1,
        4,
        4,
        2,
        null,
        2,
        null,
        4,
        null,
        20,
        4,
        null,
        null,
        null
      ],
      "/Users/Corey/code/applications/curator/app/models/hash_builder.rb": [
        1,
        1,
        null,
        1,
        5,
        5,
        null,
        null,
        1,
        5,
        5,
        20,
        20,
        20,
        null,
        5,
        null,
        null
      ],
      "/Users/Corey/code/applications/curator/app/models/report_creator.rb": [
        1,
        1,
        null,
        1,
        2,
        2,
        null,
        null,
        1,
        2,
        44,
        null,
        null,
        null
      ],
      "/Users/Corey/code/applications/curator/app/models/sorter.rb": [
        1,
        1,
        null,
        1,
        1,
        1,
        1,
        null,
        null,
        1,
        3,
        3,
        null,
        null
      ],
      "/Users/Corey/code/applications/curator/app/models/ticker_extractor.rb": [
        1,
        1,
        null,
        1,
        1,
        null,
        null,
        1,
        21,
        null,
        null
      ]
    },
    "timestamp": 1416684109
  }
}
