{
  "RSpec": {
    "coverage": {
      "/Users/Corey/code/applications/curator/config/environment.rb": [
        null,
        1,
        null,
        null,
        1
      ],
      "/Users/Corey/code/applications/curator/config/application.rb": [
        1,
        null,
        null,
        1,
        1,
        1,
        1,
        1,
        1,
        null,
        null,
        null,
        null,
        1,
        null,
        1,
        1,
        1,
        null,
        null,
        null,
        null,
        null,
        null,
        null,
        null,
        null,
        null,
        null,
        null,
        null
      ],
      "/Users/Corey/code/applications/curator/config/boot.rb": [
        null,
        1,
        null,
        1
      ],
      "/Users/Corey/code/applications/curator/config/environments/test.rb": [
        1,
        null,
        null,
        null,
        null,
        null,
        null,
        1,
        null,
        null,
        null,
        null,
        1,
        null,
        null,
        1,
        1,
        null,
        null,
        1,
        1,
        null,
        null,
        1,
        null,
        null,
        1,
        null,
        null,
        null,
        null,
        1,
        null,
        null,
        1,
        null,
        null,
        null,
        null
      ],
      "/Users/Corey/code/applications/curator/config/initializers/backtrace_silencers.rb": [
        null,
        null,
        null,
        null,
        null,
        null,
        null
      ],
      "/Users/Corey/code/applications/curator/config/initializers/cookies_serializer.rb": [
        null,
        null,
        1
      ],
      "/Users/Corey/code/applications/curator/config/initializers/filter_parameter_logging.rb": [
        null,
        null,
        null,
        1
      ],
      "/Users/Corey/code/applications/curator/config/initializers/inflections.rb": [
        null,
        null,
        null,
        null,
        null,
        1,
        1,
        1,
        1,
        1,
        1,
        1,
        null,
        null,
        null,
        null,
        null,
        null
      ],
      "/Users/Corey/code/applications/curator/config/initializers/mime_types.rb": [
        null,
        null,
        null,
        null
      ],
      "/Users/Corey/code/applications/curator/config/initializers/session_store.rb": [
        null,
        null,
        1
      ],
      "/Users/Corey/code/applications/curator/config/initializers/wrap_parameters.rb": [
        null,
        null,
        null,
        null,
        null,
        null,
        1,
        1,
        null,
        null,
        null,
        null,
        null,
        null
      ],
      "/Users/Corey/code/applications/curator/config/routes.rb": [
        1,
        1,
        null
      ],
      "/Users/Corey/code/applications/curator/app/helpers/application_helper.rb": [
        1,
        null
      ],
      "/Users/Corey/code/applications/curator/app/helpers/welcome_helper.rb": [
        1,
        null
      ],
      "/Users/Corey/code/applications/curator/app/controllers/welcome_controller.rb": [
        1,
        1,
        4,
        4,
        null,
        null
      ],
      "/Users/Corey/code/applications/curator/app/controllers/application_controller.rb": [
        1,
        null,
        null,
        1,
        null
      ],
      "/Users/Corey/code/applications/curator/lib/error_checker.rb": [
        1,
        1,
        110,
        110,
        110,
        110,
        null,
        null,
        1,
        null,
        1,
        null,
        1,
        110,
        110,
        110,
        null,
        null,
        1,
        110,
        6,
        null,
        null,
        null,
        1,
        110,
        1,
        null,
        null,
        null,
        1,
        110,
        2,
        null,
        null,
        null,
        1,
        110,
        null,
        null,
        1,
        1,
        1,
        1,
        null,
        null
      ],
      "/Users/Corey/code/applications/curator/app/mailers/company_report_mailer.rb": [
        1,
        1,
        null,
        1,
        null,
        null
      ],
      "/Users/Corey/code/applications/curator/app/models/accountant.rb": [
        1,
        1,
        21,
        11,
        11,
        null,
        10,
        10,
        null,
        21,
        null,
        null,
        1,
        null,
        1,
        21,
        null,
        null,
        1,
        null
      ],
      "/Users/Corey/code/applications/curator/app/models/clerk.rb": [
        1,
        null,
        1,
        1,
        1,
        12,
        1,
        21,
        null,
        null,
        null,
        null,
        1,
        null,
        1,
        null,
        1,
        1,
        1,
        null,
        null
      ],
      "/Users/Corey/code/applications/curator/app/models/company_report_by_earnings_yield.rb": [
        1,
        null
      ],
      "/Users/Corey/code/applications/curator/app/models/company_report_by_return_on_capital.rb": [
        1,
        null
      ],
      "/Users/Corey/code/applications/curator/app/models/custodian.rb": [
        1,
        1,
        null,
        null,
        1,
        null,
        1,
        null,
        1,
        0,
        null,
        null
      ],
      "/Users/Corey/code/applications/curator/app/models/data_factory.rb": [
        1,
        1,
        2,
        10,
        10,
        10,
        10,
        10,
        10,
        null,
        null,
        null,
        1,
        null,
        1,
        2,
        null,
        null,
        1,
        null
      ],
      "/Users/Corey/code/applications/curator/app/models/data_fetcher.rb": [
        1,
        1,
        21,
        21,
        82,
        82,
        null,
        21,
        null,
        null,
        1,
        null,
        1,
        21,
        21,
        null,
        null,
        1,
        null,
        1,
        null
      ],
      "/Users/Corey/code/applications/curator/app/models/data_gatherer.rb": [
        1,
        1,
        1,
        null,
        null,
        1,
        null,
        1,
        2,
        null,
        null,
        1,
        null,
        1,
        1,
        null,
        null,
        1,
        1,
        1,
        null,
        null
      ],
      "/Users/Corey/code/applications/curator/app/models/data_validator.rb": [
        1,
        1,
        24,
        24,
        24,
        null,
        null,
        1,
        174,
        null,
        null,
        1,
        null,
        1,
        44,
        44,
        null,
        null,
        1,
        null,
        1,
        null,
        1,
        24,
        null,
        null
      ],
      "/Users/Corey/code/applications/curator/app/models/data_worker.rb": [
        1,
        1,
        22,
        18,
        18,
        18,
        null,
        null,
        null,
        1,
        null,
        1,
        22,
        22,
        null,
        null,
        1,
        null,
        1,
        22,
        null,
        null,
        1,
        18,
        9,
        9,
        9,
        null,
        null,
        null,
        1,
        9,
        null,
        null,
        1,
        9,
        null,
        null,
        1,
        18,
        null,
        null,
        1,
        90,
        null,
        null,
        1,
        18,
        null,
        null,
        1,
        18,
        null,
        null
      ],
      "/Users/Corey/code/applications/curator/app/models/hash_builder.rb": [
        1,
        1,
        19,
        19,
        76,
        76,
        76,
        null,
        19,
        null,
        null,
        1,
        null,
        1,
        19,
        19,
        null,
        null,
        1,
        null,
        1,
        76,
        null,
        null,
        1,
        76,
        null,
        null
      ],
      "/Users/Corey/code/applications/curator/app/models/report_creator.rb": [
        1,
        1,
        1,
        1,
        20,
        null,
        null,
        null,
        1,
        null,
        1,
        1,
        null,
        null,
        1,
        null
      ],
      "/Users/Corey/code/applications/curator/app/models/report.rb": [
        1,
        null
      ],
      "/Users/Corey/code/applications/curator/app/models/sorter.rb": [
        1,
        1,
        12,
        12,
        null,
        null,
        1,
        null,
        1,
        3,
        3,
        3,
        null,
        null,
        1,
        null
      ],
      "/Users/Corey/code/applications/curator/app/models/ticker_extractor.rb": [
        1,
        1,
        33,
        null,
        null,
        1,
        null,
        1,
        null,
        1,
        3,
        null,
        null
      ]
    },
    "timestamp": 1423966977
  }
}
